{"meta": {"format": 3, "version": "7.10.7", "timestamp": "2025-10-14T06:48:41.153778", "branch_coverage": false, "show_contexts": false}, "files": {"dependencies.py": {"executed_lines": [], "summary": {"covered_lines": 0, "num_statements": 51, "percent_covered": 0.0, "percent_covered_display": "0", "missing_lines": 51, "excluded_lines": 0}, "missing_lines": [7, 8, 9, 10, 11, 14, 15, 23, 24, 25, 26, 27, 28, 29, 31, 34, 38, 51, 52, 53, 54, 58, 62, 75, 76, 77, 78, 82, 86, 98, 102, 115, 116, 119, 121, 122, 126, 131, 132, 136, 144, 149, 153, 170, 177, 194, 201, 213, 222, 237, 246], "excluded_lines": [], "functions": {"get_db_engine": {"executed_lines": [], "summary": {"covered_lines": 0, "num_statements": 5, "percent_covered": 0.0, "percent_covered_display": "0", "missing_lines": 5, "excluded_lines": 0}, "missing_lines": [51, 52, 53, 54, 58], "excluded_lines": []}, "get_settings": {"executed_lines": [], "summary": {"covered_lines": 0, "num_statements": 5, "percent_covered": 0.0, "percent_covered_display": "0", "missing_lines": 5, "excluded_lines": 0}, "missing_lines": [75, 76, 77, 78, 82], "excluded_lines": []}, "get_event_repository": {"executed_lines": [], "summary": {"covered_lines": 0, "num_statements": 1, "percent_covered": 0.0, "percent_covered_display": "0", "missing_lines": 1, "excluded_lines": 0}, "missing_lines": [98], "excluded_lines": []}, "get_embedding_service": {"executed_lines": [], "summary": {"covered_lines": 0, "num_statements": 11, "percent_covered": 0.0, "percent_covered_display": "0", "missing_lines": 11, "excluded_lines": 0}, "missing_lines": [115, 116, 119, 121, 122, 126, 131, 132, 136, 144, 149], "excluded_lines": []}, "get_memory_search_service": {"executed_lines": [], "summary": {"covered_lines": 0, "num_statements": 1, "percent_covered": 0.0, "percent_covered_display": "0", "missing_lines": 1, "excluded_lines": 0}, "missing_lines": [170], "excluded_lines": []}, "get_event_processor": {"executed_lines": [], "summary": {"covered_lines": 0, "num_statements": 1, "percent_covered": 0.0, "percent_covered_display": "0", "missing_lines": 1, "excluded_lines": 0}, "missing_lines": [194], "excluded_lines": []}, "get_notification_service": {"executed_lines": [], "summary": {"covered_lines": 0, "num_statements": 1, "percent_covered": 0.0, "percent_covered_display": "0", "missing_lines": 1, "excluded_lines": 0}, "missing_lines": [213], "excluded_lines": []}, "get_event_service": {"executed_lines": [], "summary": {"covered_lines": 0, "num_statements": 2, "percent_covered": 0.0, "percent_covered_display": "0", "missing_lines": 2, "excluded_lines": 0}, "missing_lines": [237, 246], "excluded_lines": []}, "": {"executed_lines": [], "summary": {"covered_lines": 0, "num_statements": 24, "percent_covered": 0.0, "percent_covered_display": "0", "missing_lines": 24, "excluded_lines": 0}, "missing_lines": [7, 8, 9, 10, 11, 14, 15, 23, 24, 25, 26, 27, 28, 29, 31, 34, 38, 62, 86, 102, 153, 177, 201, 222], "excluded_lines": []}}, "classes": {"": {"executed_lines": [], "summary": {"covered_lines": 0, "num_statements": 51, "percent_covered": 0.0, "percent_covered_display": "0", "missing_lines": 51, "excluded_lines": 0}, "missing_lines": [7, 8, 9, 10, 11, 14, 15, 23, 24, 25, 26, 27, 28, 29, 31, 34, 38, 51, 52, 53, 54, 58, 62, 75, 76, 77, 78, 82, 86, 98, 102, 115, 116, 119, 121, 122, 126, 131, 132, 136, 144, 149, 153, 170, 177, 194, 201, 213, 222, 237, 246], "excluded_lines": []}}}}, "totals": {"covered_lines": 0, "num_statements": 51, "percent_covered": 0.0, "percent_covered_display": "0", "missing_lines": 51, "excluded_lines": 0}}